#-----------------------------------------------------------
# Vivado v2019.1 (64-bit)
# SW Build 2552052 on Fri May 24 14:47:09 MDT 2019
# IP Build 2548770 on Fri May 24 18:01:18 MDT 2019
# Start of session at: Thu Jul 27 11:15:57 2023
# Process ID: 68537
# Current directory: /home/ICer/Project/project_skeleton_sp22/hardware/report/before_opt_1
# Command line: vivado
# Log file: /home/ICer/Project/project_skeleton_sp22/hardware/report/before_opt_1/vivado.log
# Journal file: /home/ICer/Project/project_skeleton_sp22/hardware/report/before_opt_1/vivado.jou
#-----------------------------------------------------------
start_gui
open_project /home/ICer/Project/project_skeleton_sp22/hardware/z1top_proj/z1top_proj.xpr
Scanning sources...
Finished scanning sources
INFO: [IP_Flow 19-234] Refreshing IP repositories
INFO: [IP_Flow 19-1704] No user IP repositories specified
INFO: [IP_Flow 19-2313] Loaded Vivado IP repository '/home/Xilinx/Vivado/2019.1/data/ip'.
open_project: Time (s): cpu = 00:00:09 ; elapsed = 00:00:06 . Memory (MB): peak = 6585.020 ; gain = 124.812 ; free physical = 280 ; free virtual = 14897
update_compile_order -fileset sources_1
open_run impl_1
INFO: [Device 21-403] Loading part xc7a35tfgg484-2
INFO: [Netlist 29-17] Analyzing 121 Unisim elements for replacement
INFO: [Netlist 29-28] Unisim Transformation completed in 0 CPU seconds
INFO: [Project 1-479] Netlist was created with Vivado 2019.1
INFO: [Project 1-570] Preparing netlist for logic optimization
INFO: [Timing 38-478] Restoring timing data from binary archive.
INFO: [Timing 38-479] Binary timing data restore complete.
INFO: [Project 1-856] Restoring constraints from binary archive.
INFO: [Constraints 18-5170] The checkpoint was created with non-default parameter values which do not match the current Vivado settings.  Mismatching parameters are:
  general.maxThreads
INFO: [Project 1-853] Binary constraint restore complete.
Reading XDEF placement.
Reading placer database...
Reading XDEF routing.
Read XDEF File: Time (s): cpu = 00:00:00.13 ; elapsed = 00:00:00.12 . Memory (MB): peak = 7385.348 ; gain = 0.000 ; free physical = 142 ; free virtual = 14143
Restored from archive | CPU: 0.130000 secs | Memory: 3.011551 MB |
Finished XDEF File Restore: Time (s): cpu = 00:00:00.13 ; elapsed = 00:00:00.12 . Memory (MB): peak = 7385.348 ; gain = 0.000 ; free physical = 142 ; free virtual = 14143
Netlist sorting complete. Time (s): cpu = 00:00:00 ; elapsed = 00:00:00 . Memory (MB): peak = 7385.348 ; gain = 0.000 ; free physical = 142 ; free virtual = 14143
INFO: [Project 1-111] Unisim Transformation Summary:
  A total of 12 instances were transformed.
  RAM32M => RAM32M (RAMD32, RAMD32, RAMD32, RAMD32, RAMD32, RAMD32, RAMS32, RAMS32): 12 instances

open_run: Time (s): cpu = 00:00:15 ; elapsed = 00:00:13 . Memory (MB): peak = 7559.254 ; gain = 927.312 ; free physical = 132 ; free virtual = 14043
exit
INFO: [Common 17-206] Exiting Vivado at Thu Jul 27 15:48:16 2023...
