#-----------------------------------------------------------
# Vivado v2019.1 (64-bit)
# SW Build 2552052 on Fri May 24 14:47:09 MDT 2019
# IP Build 2548770 on Fri May 24 18:01:18 MDT 2019
# Start of session at: Mon Jul 24 16:56:35 2023
# Process ID: 55495
# Current directory: /home/ICer/Project/project_skeleton_sp22/hardware
# Command line: vivado -mode batch -source scripts/build_project.tcl -tclargs z1top 15
# Log file: /home/ICer/Project/project_skeleton_sp22/hardware/vivado.log
# Journal file: /home/ICer/Project/project_skeleton_sp22/hardware/vivado.jou
#-----------------------------------------------------------
source scripts/build_project.tcl
# set project_name [lindex $argv 0]
# set target_clock [lindex $argv 1]
# set sources_file scripts/${project_name}.tcl
# if {![file exists $sources_file]} {
#     puts "Invalid project name!"
#     exit
# }
# if {[file exists ${project_name}_proj/${project_name}_proj.xpr]} {
#   open_project ${project_name}_proj/${project_name}_proj.xpr
# } else {
#   create_project -force ${project_name}_proj ${project_name}_proj -part xc7a35tfgg484-2
#   #set_property board_part www.digilentinc.com:pynq-z1:part0:1.0 [current_project]
# }
# source $sources_file
## add_files -norecurse [glob src/riscv_core/*.v]
## add_files -norecurse [glob src/riscv_core/IF/*.v]
## add_files -norecurse [glob src/riscv_core/ID/*.v]
## add_files -norecurse [glob src/riscv_core/EXM/*.v]
## add_files -norecurse [glob src/riscv_core/WB/*.v]
## add_files -norecurse [glob src/riscv_core/*.vh]
## add_files -norecurse [glob src/io_circuits/*.v]
## add_files -norecurse src/EECS151.v
## add_files -norecurse src/clk_wiz.v
## add_files -norecurse src/z1top.v
## add_files -norecurse ../software/bios151v3/bios151v3.mif
## set_property top z1top [get_filesets sources_1]
# add_files -fileset constrs_1 -norecurse constr/z1top.xdc
# update_compile_order -fileset sources_1
# check_syntax
WARNING: [HDL 9-3527] identifier 'buttons_pressed' is used before its declaration [/home/ICer/Project/project_skeleton_sp22/hardware/src/z1top.v:57]
# update_compile_order -fileset sources_1
INFO: [Common 17-206] Exiting Vivado at Mon Jul 24 16:56:48 2023...
